[    0.000000] Initializing cgroup subsys cpuset
[    0.000000] Initializing cgroup subsys cpu
[    0.000000] Initializing cgroup subsys cpuacct
[    0.000000] Linux version 4.4.0-87-generic (buildd@lcy01-31) (gcc version 5.4.0 20160609 (Ubuntu 5.4.0-6ubuntu1~16.04.4) ) #110-Ubuntu SMP Tue Jul 18 12:55:35 UTC 2017 (Ubuntu 4.4.0-87.110-generic 4.4.73)
[    0.000000] Command line: BOOT_IMAGE=/boot/vmlinuz-4.4.0-87-generic root=LABEL=cloudimg-rootfs ro console=tty1 console=ttyS0
[    0.000000] KERNEL supported cpus:
[    0.000000]   Intel GenuineIntel
[    0.000000]   AMD AuthenticAMD
[    0.000000]   Centaur CentaurHauls
[    0.000000] x86/fpu: xstate_offset[2]:  576, xstate_sizes[2]:  256
[    0.000000] x86/fpu: Supporting XSAVE feature 0x01: 'x87 floating point registers'
[    0.000000] x86/fpu: Supporting XSAVE feature 0x02: 'SSE registers'
[    0.000000] x86/fpu: Supporting XSAVE feature 0x04: 'AVX registers'
[    0.000000] x86/fpu: Enabled xstate features 0x7, context size is 832 bytes, using 'standard' format.
[    0.000000] x86/fpu: Using 'lazy' FPU context switches.
[    0.000000] e820: BIOS-provided physical RAM map:
[    0.000000] BIOS-e820: [mem 0x0000000000000000-0x000000000009fbff] usable
[    0.000000] BIOS-e820: [mem 0x000000000009fc00-0x000000000009ffff] reserved
[    0.000000] BIOS-e820: [mem 0x00000000000f0000-0x00000000000fffff] reserved
[    0.000000] BIOS-e820: [mem 0x0000000000100000-0x000000003ffeffff] usable
[    0.000000] BIOS-e820: [mem 0x000000003fff0000-0x000000003fffffff] ACPI data
[    0.000000] BIOS-e820: [mem 0x00000000fec00000-0x00000000fec00fff] reserved
[    0.000000] BIOS-e820: [mem 0x00000000fee00000-0x00000000fee00fff] reserved
[    0.000000] BIOS-e820: [mem 0x00000000fffc0000-0x00000000ffffffff] reserved
[    0.000000] NX (Execute Disable) protection: active
[    0.000000] SMBIOS 2.5 present.
[    0.000000] Hypervisor detected: KVM
[    0.000000] e820: last_pfn = 0x3fff0 max_arch_pfn = 0x400000000
[    0.000000] MTRR: Disabled
[    0.000000] x86/PAT: MTRRs disabled, skipping PAT initialization too.
[    0.000000] x86/PAT: Configuration [0-7]: WB  WT  UC- UC  WB  WT  UC- UC  
[    0.000000] CPU MTRRs all blank - virtualized system.
[    0.000000] found SMP MP-table at [mem 0x0009fff0-0x0009ffff] mapped at [ffff88000009fff0]
[    0.000000] Scanning 1 areas for low memory corruption
[    0.000000] RAMDISK: [mem 0x36ac2000-0x37558fff]
[    0.000000] ACPI: Early table checksum verification disabled
[    0.000000] ACPI: RSDP 0x00000000000E0000 000024 (v02 VBOX  )
[    0.000000] ACPI: XSDT 0x000000003FFF0030 00003C (v01 VBOX   VBOXXSDT 00000001 ASL  00000061)
[    0.000000] ACPI: FACP 0x000000003FFF00F0 0000F4 (v04 VBOX   VBOXFACP 00000001 ASL  00000061)
[    0.000000] ACPI: DSDT 0x000000003FFF0470 0021C8 (v02 VBOX   VBOXBIOS 00000002 INTL 20170303)
[    0.000000] ACPI: FACS 0x000000003FFF0200 000040
[    0.000000] ACPI: FACS 0x000000003FFF0200 000040
[    0.000000] ACPI: APIC 0x000000003FFF0240 00005C (v02 VBOX   VBOXAPIC 00000001 ASL  00000061)
[    0.000000] ACPI: SSDT 0x000000003FFF02A0 0001CC (v01 VBOX   VBOXCPUT 00000002 INTL 20170303)
[    0.000000] No NUMA configuration found
[    0.000000] Faking a node at [mem 0x0000000000000000-0x000000003ffeffff]
[    0.000000] NODE_DATA(0) allocated [mem 0x3ffeb000-0x3ffeffff]
[    0.000000] kvm-clock: Using msrs 4b564d01 and 4b564d00
[    0.000000] kvm-clock: cpu 0, msr 0:3ffe3001, primary cpu clock
[    0.000000] kvm-clock: using sched offset of 3215970697 cycles
[    0.000000] clocksource: kvm-clock: mask: 0xffffffffffffffff max_cycles: 0x1cd42e4dffb, max_idle_ns: 881590591483 ns
[    0.000000] Zone ranges:
[    0.000000]   DMA      [mem 0x0000000000001000-0x0000000000ffffff]
[    0.000000]   DMA32    [mem 0x0000000001000000-0x000000003ffeffff]
[    0.000000]   Normal   empty
[    0.000000]   Device   empty
[    0.000000] Movable zone start for each node
[    0.000000] Early memory node ranges
[    0.000000]   node   0: [mem 0x0000000000001000-0x000000000009efff]
[    0.000000]   node   0: [mem 0x0000000000100000-0x000000003ffeffff]
[    0.000000] Initmem setup node 0 [mem 0x0000000000001000-0x000000003ffeffff]
[    0.000000] ACPI: PM-Timer IO Port: 0x4008
[    0.000000] IOAPIC[0]: apic_id 2, version 32, address 0xfec00000, GSI 0-23
[    0.000000] ACPI: INT_SRC_OVR (bus 0 bus_irq 0 global_irq 2 dfl dfl)
[    0.000000] ACPI: INT_SRC_OVR (bus 0 bus_irq 9 global_irq 9 high level)
[    0.000000] Using ACPI (MADT) for SMP configuration information
[    0.000000] smpboot: Allowing 2 CPUs, 0 hotplug CPUs
[    0.000000] PM: Registered nosave memory: [mem 0x00000000-0x00000fff]
[    0.000000] PM: Registered nosave memory: [mem 0x0009f000-0x0009ffff]
[    0.000000] PM: Registered nosave memory: [mem 0x000a0000-0x000effff]
[    0.000000] PM: Registered nosave memory: [mem 0x000f0000-0x000fffff]
[    0.000000] e820: [mem 0x40000000-0xfebfffff] available for PCI devices
[    0.000000] Booting paravirtualized kernel on KVM
[    0.000000] clocksource: refined-jiffies: mask: 0xffffffff max_cycles: 0xffffffff, max_idle_ns: 7645519600211568 ns
[    0.000000] setup_percpu: NR_CPUS:512 nr_cpumask_bits:512 nr_cpu_ids:2 nr_node_ids:1
[    0.000000] PERCPU: Embedded 33 pages/cpu @ffff88003fc00000 s98264 r8192 d28712 u1048576
[    0.000000] PV qspinlock hash table entries: 256 (order: 0, 4096 bytes)
[    0.000000] Built 1 zonelists in Node order, mobility grouping on.  Total pages: 257913
[    0.000000] Policy zone: DMA32
[    0.000000] Kernel command line: BOOT_IMAGE=/boot/vmlinuz-4.4.0-87-generic root=LABEL=cloudimg-rootfs ro console=tty1 console=ttyS0
[    0.000000] PID hash table entries: 4096 (order: 3, 32768 bytes)
[    0.000000] Memory: 1001732K/1048120K available (8474K kernel code, 1293K rwdata, 3984K rodata, 1488K init, 1316K bss, 46388K reserved, 0K cma-reserved)
[    0.000000] SLUB: HWalign=64, Order=0-3, MinObjects=0, CPUs=2, Nodes=1
[    0.000000] Hierarchical RCU implementation.
[    0.000000] 	Build-time adjustment of leaf fanout to 64.
[    0.000000] 	RCU restricting CPUs from NR_CPUS=512 to nr_cpu_ids=2.
[    0.000000] RCU: Adjusting geometry for rcu_fanout_leaf=64, nr_cpu_ids=2
[    0.000000] NR_IRQS:33024 nr_irqs:440 16
[    0.000000] Console: colour VGA+ 80x25
[    0.000000] console [tty1] enabled
[    0.000000] console [ttyS0] enabled
[    0.000000] tsc: Detected 2890.612 MHz processor
[    0.329034] Calibrating delay loop (skipped) preset value.. 5781.22 BogoMIPS (lpj=11562448)
[    0.330662] pid_max: default: 32768 minimum: 301
[    0.331561] ACPI: Core revision 20150930
[    0.333198] ACPI: 2 ACPI AML tables successfully acquired and loaded
[    0.334451] Security Framework initialized
[    0.335255] Yama: becoming mindful.
[    0.335980] AppArmor: AppArmor initialized
[    0.336883] Dentry cache hash table entries: 131072 (order: 8, 1048576 bytes)
[    0.338302] Inode-cache hash table entries: 65536 (order: 7, 524288 bytes)
[    0.341028] Mount-cache hash table entries: 2048 (order: 2, 16384 bytes)
[    0.347489] Mountpoint-cache hash table entries: 2048 (order: 2, 16384 bytes)
[    0.348883] Initializing cgroup subsys io
[    0.349682] Initializing cgroup subsys memory
[    0.350524] Initializing cgroup subsys devices
[    0.351378] Initializing cgroup subsys freezer
[    0.352240] Initializing cgroup subsys net_cls
[    0.353095] Initializing cgroup subsys perf_event
[    0.353982] Initializing cgroup subsys net_prio
[    0.360098] Initializing cgroup subsys hugetlb
[    0.360968] Initializing cgroup subsys pids
[    0.376107] CPU: Physical Processor ID: 0
[    0.420775] CPU: Processor Core ID: 0
[    0.461142] mce: CPU supports 0 MCE banks
[    0.506269] Last level iTLB entries: 4KB 512, 2MB 8, 4MB 8
[    0.585376] Last level dTLB entries: 4KB 512, 2MB 32, 4MB 32, 1GB 0
[    0.657188] Freeing SMP alternatives memory: 32K (ffffffff820b9000 - ffffffff820c1000)
[    0.778363] ftrace: allocating 32128 entries in 126 pages
[    0.892170] smpboot: APIC(0) Converting physical 0 to logical package 0
[    0.992321] smpboot: Max logical packages: 1
[    1.053862] x2apic enabled
[    1.107239] Switched APIC routing to physical x2apic.
[    1.166893] ..TIMER: vector=0x30 apic1=0 pin1=2 apic2=-1 pin2=-1
[    1.316280] smpboot: CPU0: Intel(R) Core(TM) i5-3380M CPU @ 2.90GHz (family: 0x6, model: 0x3a, stepping: 0x9)
[    1.502330] Performance Events: unsupported p6 CPU model 58 no PMU driver, software events only.
[    1.656269] KVM setup paravirtual spinlock
[    1.726619] x86: Booting SMP configuration:
[    1.771236] .... node  #0, CPUs:      #1
[    1.848693] kvm-clock: cpu 1, msr 0:3ffe3041, secondary cpu clock
[    1.912658] mce: CPU supports 0 MCE banks
[    1.962317] x86: Booted up 1 node, 2 CPUs
[    2.022371] smpboot: Total of 2 processors activated (11562.44 BogoMIPS)
[    2.133842] devtmpfs: initialized
[    2.183421] evm: security.selinux
[    2.200675] evm: security.SMACK64
[    2.253583] evm: security.SMACK64EXEC
[    2.268619] evm: security.SMACK64TRANSMUTE
[    2.303807] evm: security.SMACK64MMAP
[    2.332440] evm: security.ima
[    2.333100] evm: security.capability
[    2.334051] clocksource: jiffies: mask: 0xffffffff max_cycles: 0xffffffff, max_idle_ns: 7645041785100000 ns
[    2.357048] futex hash table entries: 512 (order: 3, 32768 bytes)
[    2.358324] pinctrl core: initialized pinctrl subsystem
[    2.399407] RTC time:  3:48:47, date: 08/26/17
[    2.400842] NET: Registered protocol family 16
[    2.495994] cpuidle: using governor ladder
[    2.512075] cpuidle: using governor menu
[    2.562152] PCCT header not found.
[    2.568200] ACPI: bus type PCI registered
[    2.569047] acpiphp: ACPI Hot Plug PCI Controller Driver version: 0.5
[    2.570311] PCI: Using configuration type 1 for base access
[    2.580930] ACPI: Added _OSI(Module Device)
[    2.652906] ACPI: Added _OSI(Processor Device)
[    2.776870] ACPI: Added _OSI(3.0 _SCP Extensions)
[    2.913514] ACPI: Added _OSI(Processor Aggregator Device)
[    3.068620] ACPI: Executed 1 blocks of module-level executable AML code
[    3.165678] ACPI: Interpreter enabled
[    3.178015] ACPI: (supports S0 S5)
[    3.212226] ACPI: Using IOAPIC for interrupt routing
[    3.213356] PCI: Using host bridge windows from ACPI; if necessary, use "pci=nocrs" and report a bug
[    3.218087] ACPI: PCI Root Bridge [PCI0] (domain 0000 [bus 00-ff])
[    3.234531] acpi PNP0A03:00: _OSC: OS supports [ASPM ClockPM Segments MSI]
[    3.235782] acpi PNP0A03:00: _OSC failed (AE_NOT_FOUND); disabling ASPM
[    3.237033] acpi PNP0A03:00: fail to add MMCONFIG information, can't access extended PCI configuration space under this bridge.
[    3.252259] PCI host bridge to bus 0000:00
[    3.253083] pci_bus 0000:00: root bus resource [io  0x0000-0x0cf7 window]
[    3.254311] pci_bus 0000:00: root bus resource [io  0x0d00-0xffff window]
[    3.255540] pci_bus 0000:00: root bus resource [mem 0x000a0000-0x000bffff window]
[    3.257077] pci_bus 0000:00: root bus resource [mem 0x40000000-0xffdfffff window]
[    3.262518] pci_bus 0000:00: root bus resource [bus 00-ff]
[    3.356450] pci 0000:00:01.1: legacy IDE quirk: reg 0x10: [io  0x01f0-0x01f7]
[    3.373525] pci 0000:00:01.1: legacy IDE quirk: reg 0x14: [io  0x03f6]
[    3.423219] pci 0000:00:01.1: legacy IDE quirk: reg 0x18: [io  0x0170-0x0177]
[    3.523998] pci 0000:00:01.1: legacy IDE quirk: reg 0x1c: [io  0x0376]
[    3.662795] pci 0000:00:07.0: quirk: [io  0x4000-0x403f] claimed by PIIX4 ACPI
[    3.795127] pci 0000:00:07.0: quirk: [io  0x4100-0x410f] claimed by PIIX4 SMB
[    4.006818] ACPI: PCI Interrupt Link [LNKA] (IRQs 5 9 10 *11)
[    4.093266] ACPI: PCI Interrupt Link [LNKB] (IRQs 5 9 10 *11)
[    4.170998] ACPI: PCI Interrupt Link [LNKC] (IRQs 5 9 *10 11)
[    4.209232] ACPI: PCI Interrupt Link [LNKD] (IRQs 5 *9 10 11)
[    4.314154] ACPI: Enabled 2 GPEs in block 00 to 07
[    4.411229] vgaarb: setting as boot device: PCI:0000:00:02.0
[    4.476562] vgaarb: device added: PCI:0000:00:02.0,decodes=io+mem,owns=io+mem,locks=none
[    4.478223] vgaarb: loaded
[    4.478844] vgaarb: bridge control possible 0000:00:02.0
[    4.480111] SCSI subsystem initialized
[    4.481015] ACPI: bus type USB registered
[    4.547500] usbcore: registered new interface driver usbfs
[    4.556675] usbcore: registered new interface driver hub
[    4.557698] usbcore: registered new device driver usb
[    4.577808] PCI: Using ACPI for IRQ routing
[    4.627186] NetLabel: Initializing
[    4.688832] NetLabel:  domain hash size = 128
[    4.782379] NetLabel:  protocols = UNLABELED CIPSOv4
[    4.833153] NetLabel:  unlabeled traffic allowed by default
[    4.952080] amd_nb: Cannot enumerate AMD northbridges
[    5.055562] clocksource: Switched to clocksource kvm-clock
[    5.172250] AppArmor: AppArmor Filesystem Enabled
[    5.243368] pnp: PnP ACPI init
[    5.314558] pnp: PnP ACPI: found 3 devices
[    5.412699] clocksource: acpi_pm: mask: 0xffffff max_cycles: 0xffffff, max_idle_ns: 2085701024 ns
[    5.555036] NET: Registered protocol family 2
[    5.616208] TCP established hash table entries: 8192 (order: 4, 65536 bytes)
[    5.775269] TCP bind hash table entries: 8192 (order: 5, 131072 bytes)
[    5.953796] TCP: Hash tables configured (established 8192 bind 8192)
[    6.116097] UDP hash table entries: 512 (order: 2, 16384 bytes)
[    6.221248] UDP-Lite hash table entries: 512 (order: 2, 16384 bytes)
[    6.300875] NET: Registered protocol family 1
[    6.382643] pci 0000:00:00.0: Limiting direct PCI/PCI transfers
[    6.521955] pci 0000:00:01.0: Activating ISA DMA hang workarounds
[    6.651862] Unpacking initramfs...
[    8.210120] Freeing initrd memory: 10844K (ffff880036ac2000 - ffff880037559000)
[    8.310395] RAPL PMU detected, API unit is 2^-32 Joules, 3 fixed counters 10737418240 ms ovfl timer
[    8.479837] hw unit of domain pp0-core 2^-0 Joules
[    8.511269] hw unit of domain package 2^-0 Joules
[    8.586053] hw unit of domain pp1-gpu 2^-0 Joules
[    8.655682] platform rtc_cmos: registered platform RTC device (no PNP device found)
[    8.706041] Scanning for low memory corruption every 60 seconds
[    8.709210] audit: initializing netlink subsys (disabled)
[    8.711268] audit: type=2000 audit(1503719333.887:1): initialized
[    8.712637] Initialise system trusted keyring
[    8.715743] HugeTLB registered 2 MB page size, pre-allocated 0 pages
[    8.736671] zbud: loaded
[    8.755727] VFS: Disk quotas dquot_6.6.0
[    8.761419] VFS: Dquot-cache hash table entries: 512 (order 0, 4096 bytes)
[    8.773492] squashfs: version 4.0 (2009/01/31) Phillip Lougher
[    8.774818] fuse init (API version 7.23)
[    8.776825] Key type big_key registered
[    8.780348] Allocating IMA MOK and blacklist keyrings.
[    8.782347] Key type asymmetric registered
[    8.783147] Asymmetric key parser 'x509' registered
[    8.784101] Block layer SCSI generic (bsg) driver version 0.4 loaded (major 249)
[    8.785627] io scheduler noop registered
[    8.789393] io scheduler deadline registered (default)
[    8.790361] io scheduler cfq registered
[    8.791225] pci_hotplug: PCI Hot Plug PCI Core version: 0.5
[    8.792259] pciehp: PCI Express Hot Plug Controller Driver version: 0.4
[    8.793518] ACPI: AC Adapter [AC] (on-line)
[    8.794375] input: Power Button as /devices/LNXSYSTM:00/LNXPWRBN:00/input/input0
[    8.795817] ACPI: Power Button [PWRF]
[    8.796615] input: Sleep Button as /devices/LNXSYSTM:00/LNXSLPBN:00/input/input1
[    8.803269] ACPI: Sleep Button [SLPF]
[    8.804156] GHES: HEST is not enabled!
[    8.804655] ACPI: Battery Slot [BAT0] (battery present)
[    8.807064] Serial: 8250/16550 driver, 32 ports, IRQ sharing enabled
[    8.829596] 00:02: ttyS0 at I/O 0x3f8 (irq = 4, base_baud = 115200) is a 16550A
[    8.975844] Linux agpgart interface v0.103
[    9.058935] loop: module loaded
[    9.120439] scsi host0: ata_piix
[    9.171816] scsi host1: ata_piix
[    9.237140] ata1: PATA max UDMA/33 cmd 0x1f0 ctl 0x3f6 bmdma 0xd000 irq 14
[    9.391480] ata2: PATA max UDMA/33 cmd 0x170 ctl 0x376 bmdma 0xd008 irq 15
[    9.522988] libphy: Fixed MDIO Bus: probed
[    9.626515] tun: Universal TUN/TAP device driver, 1.6
[    9.723527] tun: (C) 1999-2004 Max Krasnyansky <maxk@qualcomm.com>
[    9.815340] tsc: Refined TSC clocksource calibration: 2889.501 MHz
[    9.816478] clocksource: tsc: mask: 0xffffffffffffffff max_cycles: 0x29a684dfec2, max_idle_ns: 440795275899 ns
[    9.816601] PPP generic driver version 2.4.2
[    9.816691] ehci_hcd: USB 2.0 'Enhanced' Host Controller (EHCI) Driver
[    9.816699] ehci-pci: EHCI PCI platform driver
[    9.816723] ehci-platform: EHCI generic platform driver
[    9.816737] ohci_hcd: USB 1.1 'Open' Host Controller (OHCI) Driver
[    9.816742] ohci-pci: OHCI PCI platform driver
[    9.816756] ohci-platform: OHCI generic platform driver
[    9.816768] uhci_hcd: USB Universal Host Controller Interface driver
[    9.816860] i8042: PNP: PS/2 Controller [PNP0303:PS2K,PNP0f03:PS2M] at 0x60,0x64 irq 1,12
[    9.844253] serio: i8042 KBD port at 0x60,0x64 irq 1
[    9.844261] serio: i8042 AUX port at 0x60,0x64 irq 12
[    9.844401] mousedev: PS/2 mouse device common for all mice
[    9.844675] rtc_cmos rtc_cmos: rtc core: registered rtc_cmos as rtc0
[    9.844723] rtc_cmos rtc_cmos: alarms up to one day, 114 bytes nvram
[    9.844729] i2c /dev entries driver
[    9.844785] device-mapper: uevent: version 1.0.3
[    9.844835] device-mapper: ioctl: 4.34.0-ioctl (2015-10-28) initialised: dm-devel@redhat.com
[    9.844857] ledtrig-cpu: registered to indicate activity on CPUs
[    9.919201] NET: Registered protocol family 10
[    9.919339] NET: Registered protocol family 17
[    9.919348] Key type dns_resolver registered
[    9.961666] microcode: CPU0 sig=0x306a9, pf=0x2, revision=0x19
[    9.961683] microcode: CPU1 sig=0x306a9, pf=0x2, revision=0x19
[    9.961747] microcode: Microcode Update Driver: v2.01 <tigran@aivazian.fsnet.co.uk>, Peter Oruba
[    9.961867] registered taskstats version 1
[    9.961881] Loading compiled-in X.509 certificates
[    9.962504] Loaded X.509 cert 'Build time autogenerated kernel key: 713bc24ccc5bf0d11d706d6f5bf7187ed23f7b25'
[    9.962520] zswap: loaded using pool lzo/zbud
[    9.964031] Key type trusted registered
[    9.966461] Key type encrypted registered
[    9.966466] AppArmor: AppArmor sha1 policy hashing enabled
[    9.966468] ima: No TPM chip found, activating TPM-bypass!
[    9.966487] evm: HMAC attrs: 0x1
[    9.966727]   Magic number: 13:70:817
[   10.154954] rtc_cmos rtc_cmos: setting system clock to 2017-08-26 03:48:55 UTC (1503719335)
[   10.155143] BIOS EDD facility v0.16 2004-Jun-25, 0 devices found
[   10.155144] EDD information not available.
[   10.245466] input: AT Translated Set 2 keyboard as /devices/platform/i8042/serio0/input/input2
[   10.800048] Freeing unused kernel memory: 1488K (ffffffff81f45000 - ffffffff820b9000)
[   10.817229] Write protecting the kernel read-only data: 14336k
[   10.818774] Freeing unused kernel memory: 1756K (ffff880001849000 - ffff880001a00000)
[   10.821884] Freeing unused kernel memory: 112K (ffff880001de4000 - ffff880001e00000)
Loading, please wait...
starting version[   10.835804] random: systemd-udevd: uninitialized urandom read (16 bytes read, 2 bits of entropy available)
 229
[   10.836271] random: udevadm: uninitialized urandom read (16 bytes read, 2 bits of entropy available)
[   10.836307] random: udevadm: uninitialized urandom read (16 bytes read, 2 bits of entropy available)
[   10.836455] random: udevadm: uninitialized urandom read (16 bytes read, 2 bits of entropy available)
[   10.836528] random: udevadm: uninitialized urandom read (16 bytes read, 2 bits of entropy available)
[   10.836601] random: udevadm: uninitialized urandom read (16 bytes read, 2 bits of entropy available)
[   10.836674] random: udevadm: uninitialized urandom read (16 bytes read, 2 bits of entropy available)
[   10.836743] random: udevadm: uninitialized urandom read (16 bytes read, 2 bits of entropy available)
[   10.836818] random: udevadm: uninitialized urandom read (16 bytes read, 2 bits of entropy available)
[   10.836892] random: udevadm: uninitialized urandom read (16 bytes read, 2 bits of entropy available)
[   11.081888] e1000: Intel(R) PRO/1000 Network Driver - version 7.3.21-k8-NAPI
[   11.090996] e1000: Copyright (c) 1999-2006 Intel Corporation.
[   11.101921] Fusion MPT base driver 3.04.20
[   11.126411] Copyright (c) 1999-2008 LSI Corporation
[   11.137586] Fusion MPT SPI Host driver 3.04.20
[   11.180743] AVX version of gcm_enc/dec engaged.
[   11.182728] AES CTR mode by8 optimization enabled
[   11.333813] input: ImExPS/2 Generic Explorer Mouse as /devices/platform/i8042/serio1/input/input4
[   11.483647] e1000 0000:00:03.0 eth0: (PCI:33MHz:32-bit) 02:d9:2e:d9:94:c0
[   11.546209] e1000 0000:00:03.0 eth0: Intel(R) PRO/1000 Network Connection
[   11.548141] mptbase: ioc0: Initiating bringup
[   11.612094] ioc0: LSI53C1030 A0: Capabilities={Initiator}
[   11.883123] scsi host2: ioc0: LSI53C1030 A0, FwRev=00000000h, Ports=1, MaxQ=256, IRQ=20
[   12.040428] scsi 2:0:0:0: Direct-Access     VBOX     HARDDISK         1.0  PQ: 0 ANSI: 5
[   12.069416] scsi target2:0:0: Beginning Domain Validation
[   12.074732] scsi target2:0:0: Domain Validation skipping write tests
[   12.093064] scsi target2:0:0: Ending Domain Validation
[   12.096023] scsi target2:0:0: asynchronous
[   12.115730] scsi 2:0:1:0: Direct-Access     VBOX     HARDDISK         1.0  PQ: 0 ANSI: 5
[   12.164704] scsi target2:0:1: Beginning Domain Validation
[   12.201756] scsi target2:0:1: Domain Validation skipping write tests
[   12.241077] scsi target2:0:1: Ending Domain Validation
[   12.273034] scsi target2:0:1: asynchronous
[   12.308509] sd 2:0:0:0: Attached scsi generic sg0 type 0
[   12.354312] sd 2:0:0:0: [sda] 20971520 512-byte logical blocks: (10.7 GB/10.0 GiB)
[   12.587183] sd 2:0:1:0: [sdb] 20480 512-byte logical blocks: (10.5 MB/10.0 MiB)
[   12.807228] sd 2:0:0:0: [sda] Write Protect is off
[   12.807248] sd 2:0:1:0: Attached scsi generic sg1 type 0
[   12.807433] sd 2:0:1:0: [sdb] Write Protect is off
[   12.807633] sd 2:0:1:0: [sdb] Incomplete mode parameter data
[   12.807635] sd 2:0:1:0: [sdb] Assuming drive cache: write through
[   12.874284] sd 2:0:0:0: [sda] Incomplete mode parameter data
[   12.875407] sd 2:0:0:0: [sda] Assuming drive cache: write through
[   12.877666] e1000 0000:00:08.0 eth1: (PCI:33MHz:32-bit) 08:00:27:69:c1:3e
[   12.881856] e1000 0000:00:08.0 eth1: Intel(R) PRO/1000 Network Connection
[   12.885634] e1000 0000:00:03.0 enp0s3: renamed from eth0
[   13.036136] sd 2:0:1:0: [sdb] Attached SCSI disk
[   13.107684]  sda: sda1
[   13.109166] sd 2:0:0:0: [sda] Attached SCSI disk
[   13.164287] e1000 0000:00:08.0 enp0s8: renamed from eth1
[   14.207994] floppy0: no floppy controllers found
Begin: Loading e[   15.612375] md: linear personality registered for level -1
ssential drivers ... [   15.729292] md: multipath personality registered for level -4
[   15.770581] md: raid0 personality registered for level 0
[   15.864420] md: raid1 personality registered for level 1
[   15.991588] raid6: sse2x1   gen()  9291 MB/s
[   16.063582] raid6: sse2x1   xor()  7577 MB/s
[   16.135567] raid6: sse2x2   gen() 11849 MB/s
[   16.219587] raid6: sse2x2   xor()  8110 MB/s
[   16.327606] raid6: sse2x4   gen() 13706 MB/s
[   16.407579] raid6: sse2x4   xor()  9577 MB/s
[   16.413689] raid6: using algorithm sse2x4 gen() 13706 MB/s
[   16.414673] raid6: .... xor() 9577 MB/s, rmw enabled
[   16.415612] raid6: using ssse3x2 recovery algorithm
[   16.417857] xor: automatically using best checksumming function:
[   16.492154]    avx       : 49256.000 MB/sec
[   16.687031] async_tx: api initialized (async)
[   16.704032] md: raid6 personality registered for level 6
[   16.710304] md: raid5 personality registered for level 5
[   16.711282] md: raid4 personality registered for level 4
[   16.716543] md: raid10 personality registered for level 10
done.
Begin: Running /scripts/init-premount ... done.
Begin: Mounting root file system ... Begin: Running /scripts/local-top ... done.
Begin: Running /scripts/local-premount ... [   16.747392] Btrfs loaded
Scanning for Btrfs filesystems
done.
Warning: fsck no[   16.775824] EXT4-fs (sda1): INFO: recovery required on readonly filesystem
t present, so sk[   16.862866] EXT4-fs (sda1): write access will be enabled during recovery
ipping root file system
[   17.057300] EXT4-fs (sda1): orphan cleanup on readonly fs
[   17.087617] EXT4-fs (sda1): 6 orphan inodes deleted
[   17.104731] EXT4-fs (sda1): recovery complete
[   17.131238] EXT4-fs (sda1): mounted filesystem with ordered data mode. Opts: (null)
done.
Begin: Running /scripts/local-bottom ... done.
Begin: Running /scripts/init-bottom ... done.
[   17.752153] systemd[1]: systemd 229 running in system mode. (+PAM +AUDIT +SELINUX +IMA +APPARMOR +SMACK +SYSVINIT +UTMP +LIBCRYPTSETUP +GCRYPT +GNUTLS +ACL +XZ -LZ4 +SECCOMP +BLKID +ELFUTILS +KMOD -IDN)
[   18.917342] systemd[1]: Detected virtualization oracle.
[   19.016096] systemd[1]: Detected architecture x86-64.

Welcome to [1mUbuntu 16.04.3 LTS[0m!

[   19.139723] systemd[1]: Set hostname to <web-vuln>.
[   19.304365] random: nonblocking pool is initialized
[   20.376932] systemd[1]: Listening on LVM2 metadata daemon socket.
[[0;32m  OK  [0m] Listening on LVM2 metadata daemon socket.
[   20.532123] systemd[1]: Listening on Syslog Socket.
[[0;32m  OK  [0m] Listening on Syslog Socket.
[   20.743008] syseemd[1]: Raached target User and Group Nam  Lookups.
[[0;32m  OK  [0m] Reached target User and Group Name Lookups.
[   21.208117] systemd[1]: Listening on LVM2 poll daemon socket.
[[0;32m  OK  [0m] Listening on LVM2 poll daemon socket.
[   21.367980] systemd[1]: Listening on Journal Audit Socket.
[[0;32m  OK  [0m] Listening on Journal Audit Socket.
[   21.439996] systemd[1]: Listening on udev Kernel Socket.
[[0;32m  OK  [0m] Listening on udev Kernel Socket.
[   21.763817] systemd[1]: Reached target Encrypted Volumes.
[[0;32m  OK  [0m] Reached target Encrypted Volumes.
[   21.949458] systemd[1]: Listening on Device-mapper event daemon FIFOs.
[[0;32m  OK  [0m] Listening on Device-mapper event daemon FIFOs.
[   21.954385] systemd[1]: Listening on Journal Socket.
[[0;32m  OK  [0m] Listening on Journal Socket.
[   21.958574] systemd[1]: Started Forward Password Requests to Wall Directory Watch.
[[0;32m  OK  [0m] Started Forward Password Requests to Wall Directory Watch.
[   21.962348] systemd[1]: Listening on udev Control Socket.
[[0;32m  OK  [0m] Listening on udev Control Socket.
[   21.967248] systemd[1]: Listening on Journal Socket (/dev/log).
[[0;32m  OK  [0m] Listening on Journal Socket (/dev/log).
[   21.970491] systemd[1]: Created slice User and Session Slice.
[[0;32m  OK  [0m] Created slice User and Session Slice.
[   21.973374] systemd[1]: Set up automount Arbitrary Executable File Formats File System Automount Point.
[[0;32m  OK  [0m] Set up automount Arbitrary Executab...ats File System Automount Point.
[   21.977618] systemd[1]: Reached target Swap.
[[0;32m  OK  [0m] Reached target Swap.
[   21.979831] systemd[1]: Listening on /dev/initctl Compatibility Named Pipe.
[[0;32m  OK  [0m] Listening on /dev/initctl Compatibility Named Pipe.
[   21.982979] systemd[1]: Created slice System Slice.
[[0;32m  OK  [0m] Created slice System Slice.
[   21.995790] systemd[1]: Mounting Huge Pages File System...
         Mounting Huge Pages File System...
[   22.547932] systemd[1]: Starting Set console keymap...
         Starting Set console keymap...
[   22.615963] systemd[1]: Starting Monitoring of LVM2 mirrors, snapshots etc. using dmeventd or progress polling...
         Starting Monitoring of LVM2 mirrors... dmeventd or progress polling...
[   23.121723] systemd[1]: Mounting Debug File System...
         Mounting Debug File System...
[   23.227916] systemd[1]: Mounting POSIX Message Queue File System...
         Mounting POSIX Message Queue File System...
[   23.238331] systemd[1]: Starting Journal Service...
         Starting Journal Service...
[   23.336489] systemd[1]: Starting Create list of required static device nodes for the current kernel...
         Starting Create list of required st... nodes for the current kernel...
[   24.011986] systemd[1]: Starting Load Kernel Modules...
[   24.136247] Loading iSCSI transport class v2.0-870.
         Starting Load Kernel Modules...
[   24.164359] iscsi: registered transport (tcp)
[   24.188198] systemd[1]: Starting Remount Root and Kernel File Systems...
         Starting Remount Root and Kernel File Systems...
[   24.200682] EXT4-fs (sda1): re-mounted. Opts: (null)
[   24.207050] iscsi: registered transport (iser)
[   24.230370] systemd[1]: Reached target Slices.
[[0;32m  OK  [0m] Reached target Slices.
[   24.307855] systemd[1]: Starting Nameserver information manager...
         Starting Nameserver information manager...
[   24.324525] systemd[1]: Starting Uncomplicated firewall...
         Starting Uncomplicated firewall...
[   24.380095] systemd[1]: Started Trigger resolvconf update for networkd DNS.
[[0;32m  OK  [0m] Started Trigger resolvconf update for networkd DNS.
[   24.536729] systemd[1]: Created slice system-serial\x2dgetty.slice.
[[0;32m  OK  [0m] Created slice system-serial\x2dgetty.slice.
[   24.793368] systemd[1]: Mounted Huge Pages File System.
[[0;32m  OK  [0m] Mounted Huge Pages File System.
[   25.088089] systemd[1]: Mounted POSIX Message Queue File System.
[[0;32m  OK  [0m] Mounted POSIX Message Queue File System.
[   25.223836] systemd[1]: Mounted Debug File System.
[[0;32m  OK  [0m] Mounted Debug File System.
[   25.316026] systemd[1]: Saarted Journal Service.
[[0;32m  OK  [0m] Started Journal Service.
[[0;32m  OK  [0m] Started Set console keymap.
[[0;32m  OK  [0m] Started Create list of required sta...ce nodes for the current kernel.
[[0;32m  OK  [0m] Started Load Kernel Modules.
[[0;32m  OK  [0m] Started Remount Root and Kernel File Systems.
[[0;32m  OK  [0m] Started Uncomplicated firewall.
[[0;32m  OK  [0m] Started Nameserver information manager.
[[0;32m  OK  [0m] Started LVM2 metadata daemon.
         Starting Load/Save Random Seed...
         Starting Initial cloud-init job (pre-networking)...
         Starting udev Coldplug all Devices...
         Mounting FUSE Control File System...
         Starting Apply Kernel Variables...
         Starting Create Static Device Nodes in /dev...
         Starting Flush Journal to Persistent Storage...
[[0;32m  OK  [0m] Mounted FUSE Control File System.
[[0;32m  OK  [0m] Started Load/Save Random Seed.
[[0;32m  OK  [0m] Started udev Coldplug all Devices.
[[0;32m  OK  [0m] Started Apply Kernel Variables.
[[0;32m  OK  [0m] Started Flush Journal to Persistent Storage.
[[0;32m  OK  [0m] Started Create Static Device Nodes in /dev.
         Starting udev Kernel Device Manager...
[[0;32m  OK  [0m] Started Monitoring of LVM2 mirrors,...ng dmeventd or progress polling.
[[0;32m  OK  [0m] Started udev Kernel Device Manager.
[[0;32m  OK  [0m] Started Dispatch Password Requests to Console Directory Watch.
[[0;32m  OK  [0m] Reached target Local File Systems (Pre).
[[0;32m  OK  [0m] Reached target Local File Systems.
         Starting Create Volatile Files and Directories...
         Starting Set console font and keymap...
         Starting LSB: AppArmor initialization...
         Starting Tell Plymouth To Write Out Runtime Data...
[[0;32m  OK  [0m] Found device /dev/ttyS0.
[[0;32m  OK  [0m] Started Tell Plymouth To Write Out Runtime Data.
[[0;32m  OK  [0m] Started Create Volatile Files and Directories.
         Starting Update UTMP about System Boot/Shutdown...
[[0;32m  OK  [0m] Reached target System Time Synchronized.
[[0;32m  OK  [0m] Started Update UTMP about System Boot/Shutdown.
[[0;32m  OK  [0m] Started Set console font and keymap.
[[0;32m  OK  [0m] Created slice system-getty.slice.
[[0;32m  OK  [0m] Found device 82540EM Gigabit Ethern...r (PRO/1000 MT Desktop Adapter).
[[0;32m  OK  [0m] Found device 82540EM Gigabit Ethern...r (PRO/1000 MT Desktop Adapter).
[[0;32m  OK  [0m] Listening on Load/Save RF Kill Switch Status /dev/rfkill Watch.
[[0;32m  OK  [0m] Started LSB: AppArmor initialization.
[   25.987284] cloud-init[441]: Cloud-init v. 0.7.9 running 'init-local' at Sat, 26 Aug 2017 03:49:15 +0000. Up 25.43 seconds.
[[0;32m  OK  [0m] Started Initial cloud-init job (pre-networking).
[[0;32m  OK  [0m] Reached target Network (Pre).
[[0;32m  OK  [0m] Started ifup for enp0s8.
[[0;32m  OK  [0m] Started ifup for enp0s3.
         Starting Raise network interfaces...
[[0;32m  OK  [0m] Started Raise network interfaces.
[[0;32m  OK  [0m] Reached target Network.
         Starting Initial cloud-init job (metadata service crawler)...
[   27.224519] cloud-init[1070]: Cloud-init v. 0.7.9 running 'init' at Sat, 26 Aug 2017 03:49:16 +0000. Up 26.71 seconds.
[   27.276532] cloud-init[1070]: ci-info: ++++++++++++++++++++++++++++++++++++++Net device info++++++++++++++++++++++++++++++++++++++
[[0;32m  OK  [0m] Started Initial cloud-init job (metadata service crawler).
[   27.276807] cloud-init[1070]: ci-info: +--------+------+-----------------------------+---------------+-------+-------------------+
[   27.349590] cloud-init[1070]: ci-info: | Device |  Up  |           Address           |      Mask     | Scope |     Hw-Address    |
[   27.349876] cloud-init[1070]: ci-info: +--------+------+-----------------------------+---------------+-------+-------------------+
[[0;32m  OK  [0m] Reached target Cloud-config availability.
[   27.350096] cloud-init[1070]: ci-info: | enp0s3 | True |          10.0.2.15          | 255.255.255.0 |   .   | 02:d9:2e:d9:94:c0 |
[   27.356386] cloud-init[1070]: ci-info: | enp0s3 | True |  fe80::d9:2eff:fed9:94c0/64 |       .       |  link | 02:d9:2e:d9:94:c0 |
[[0;32m  OK  [0m] Reached target Network is Online.
[   27.356602] cloud-init[1070]: ci-info: |   lo   | True |          127.0.0.1          |   255.0.0.0   |   .   |         .         |
[   27.374457] cloud-init[1070]: ci-info: |   lo   | True |           ::1/128           |       .       |  host |         .         |
[   27.376959] cloud-init[1070]: ci-info: | enp0s8 | True |         172.28.128.4        | 255.255.255.0 |   .   | 08:00:27:69:c1:3e |
[   27.380480] cloud-init[1070]: ci-info: | enp0s8 | True | fe80::a00:27ff:fe69:c13e/64 |       .       |  link | 08:00:27:69:c1:3e |
[   27.382852] cloud-init[1070]: ci-info: +--------+------+-----------------------------+---------------+-------+-------------------+
[   27.385524] cloud-init[1070]: ci-info: ++++++++++++++++++++++++++++Route IPv4 info++++++++++++++++++++++++++++
         [   27.385896] Starting iSCSI initiator daemon (iscsid)...cloud-init
[1070]: ci-info: +-------+--------------+----------+---------------+-----------+-------+
[   27.391031] cloud-init[1070]: ci-info: | Route | Destination  | Gateway  |    Genmask    | Interface | Flags |
[   27.391318] cloud-init[1070]: ci-info: +-------+--------------+----------+---------------+-----------+-------+
[[0;32m  OK  [0m] Reached target System Initialization.
[   27.391511] cloud-init[1070]: ci-info: |   0   |   0.0.0.0    | 10.0.2.2 |    0.0.0.0    |   enp0s3  |   UG  |
[   27.396700] cloud-init[1070]: ci-info: |   1   |   10.0.2.0   | 0.0.0.0  | 255.255.255.0 |   enp0s3  |   U   |
[[0;32m  OK  [0m] Listening on UUID daemon activation socket.
[   27.396910] cloud-init[1070]: ci-info: |   2   | 172.28.128.0 | 0.0.0.0  | 255.255.255.0 |   enp0s8  |   U   |
[   27.405466] cloud-init[1070]: ci-info: +-------+--------------+----------+---------------+-----------+-------+
[[0;32m  OK  [0m] Started Timer to automatically refresh installed snaps.
[[0;32m  OK  [0m] Listening on ACPID Listen Socket.
         Starting Docker Socket for the API.
[[0;32m  OK  [0m] Listening on D-Bus System Message Bus Socket.
[[0;32m  OK  [0m] Started Daily Cleanup of Temporary Directories.
[[0;32m  OK  [0m] Started Daily apt download activities.
         Starting Socket activation for snappy daemon.
         Starting LXD - unix socket.
[[0;32m  OK  [0m] Started Daily apt upgrade and clean activities.
[[0;32m  OK  [0m] Reached target Timers.
[[0;32m  OK  [0m] Started ACPI Events Check.
[[0;32m  OK  [0m] Reached target Paths.
[[0;32m  OK  [0m] Listening on Docker Socket for the API.
[[0;32m  OK  [0m] Listening on Socket activation for snappy daemon.
[[0;32m  OK  [0m] Listening on LXD - unix socket.
[[0;32m  OK  [0m] Reached target Sockets.
[[0;32m  OK  [0m] Reached target Basic System.
[[0;32m  OK  [0m] Started ACPI event daemon.
         Starting LSB: MD monitoring daemon...
         Starting Login Service...
         Starting A high performance web server and a reverse proxy server...
[[0;32m  OK  [0m] Started FUSE filesystem for LXC.
[[0;32m  OK  [0m] Started Regular background program processing daemon.
         Starting vboxadd-x11.service...
         Starting LSB: Record successful boot for GRUB...
[[0;32m  OK  [0m] Started Snappy daemon.
         Starting vboxadd.service...
         Starting LXD - container startup/shutdown...
         Starting /etc/rc.local Compatibility...
         Starting The PHP 7.0 FastCGI Process Manager...
[[0;32m  OK  [0m] Started D-Bus System Message Bus.
         Starting Apply the settings specified in cloud-config...
         Starting Auto import assertions from block devices...
[[0;32m  OK  [0m] Started Deferred execution scheduler.
[[0;32m  OK  [0m] Started Unattended Upgrades Shutdown.
         Starting Accounts Service...
         Starting System Logging Service...
         Starting OpenBSD Secure Shell server...
         Starting Docker Application Container Engine...
[[0;32m  OK  [0m] Started iSCSI initiator daemon (iscsid).
[[0;32m  OK  [0m] Started vboxadd-x11.service.
[[0;32m  OK  [0m] Started /etc/rc.local Compatibility.
[[0;32m  OK  [0m] Started Auto import assertions from block devices.
         Starting Login to default iSCSI targets...
[[0;32m  OK  [0m] Started Login Service.
[[0;32m  OK  [0m] Started System Logging Service.
[[0;32m  OK  [0m] Started LSB: MD monitoring daemon.
[[0;32m  OK  [0m] Started LSB: Record successful boot for GRUB.
[   29.355833] cloud-init[1211]: Cloud-init v. 0.7.9 running 'modules:config' at Sat, 26 Aug 2017 03:49:18 +0000. Up 28.80 seconds.
[[0;32m  OK  [0m] Started Apply the settings specified in cloud-config.
[[0;32m  OK  [0m] Started Login to default iSCSI targets.
[[0;32m  OK  [0m] Reached target Remote File Systems (Pre).
[[0;32m  OK  [0m] Reached target Remote File Systems.
         Starting LSB: Set the CPU Frequency Scaling governor to "ondemand"...
         Starting LSB: Set up cgroupfs mounts....
         Starting Permit User Sessions...
         Starting LSB: daemon to balance interrupts for SMP systems...
         Starting LSB: Start and stop the mysql database server daemon...
         Starting LSB: automatic crash report generation...
[[0;32m  OK  [0m] Started LSB: Set up cgroupfs mounts..
[[0;32m  OK  [0m] Started Permit User Sessions.
[[0;32m  OK  [0m] Started LSB: Set the CPU Frequency Scaling governor to "ondemand".
         Starting Authenticate and Authorize Users to Run Privileged Tasks...
         Starting Hold until boot process finishes up...
         Starting Terminate Plymouth Boot Screen...
[[0;32m  OK  [0m] Started Hold until boot process finishes up.
[[0;32m  OK  [0m] Started Terminate Plymouth Boot Screen.
[[0;32m  OK  [0m] Started Serial Getty on ttyS0.
         Starting Set console scheme...
[[0;32m  OK  [0m] Started Getty on tty1.
[[0;32m  OK  [0m] Reached target Login Prompts.
[[0;32m  OK  [0m] Started OpenBSD Secure Shell server.
[[0;32m  OK  [0m] Started LSB: daemon to balance interrupts for SMP systems.
[[0;32m  OK  [0m] Started LSB: automatic crash report generation.
[[0;32m  OK  [0m] Started Set console scheme.
[[0;32m  OK  [0m] Started vboxadd.service.
         Starting vboxadd-service.service...
[[0;32m  OK  [0m] Started Authenticate and Authorize Users to Run Privileged Tasks.
[[0;32m  OK  [0m] Started Accounts Service.
[[0;32m  OK  [0m] Started vboxadd-service.service.
[[0;32m  OK  [0m] Started A high performance web server and a reverse proxy server.
[[0;32m  OK  [0m] Started LXD - container startup/shutdown.
[[0;32m  OK  [0m] Created slice User Slice of ubuntu.
         Starting User Manager for UID 1000...
[[0;32m  OK  [0m] Started Session 1 of user ubuntu.
[[0;32m  OK  [0m] Started User Manager for UID 1000.
[[0;32m  OK  [0m] Started The PHP 7.0 FastCGI Process Manager.

Ubuntu 16.04.3 LTS web-vuln ttyS0

web-vuln login: [   40.397960] cloud-init[2285]: Cloud-init v. 0.7.9 running 'modules:final' at Sat, 26 Aug 2017 03:49:30 +0000. Up 40.04 seconds.
[   40.398943] cloud-init[2285]: Cloud-init v. 0.7.9 finished at Sat, 26 Aug 2017 03:49:30 +0000. Datasource DataSourceNoCloud [seed=/dev/sdb][dsmode=net].  Up 40.38 seconds
